<?xml version="1.0" encoding="UTF-8"?>
<testsuite xmlns:xsi="http://www.w3.org/2001/XMLSchema-instance" xsi:noNamespaceSchemaLocation="https://maven.apache.org/surefire/maven-surefire-plugin/xsd/surefire-test-report-3.0.xsd" version="3.0" name="ST10487034.Part1Test" time="0.16" tests="17" errors="0" skipped="0" failures="0">
  <properties>
    <property name="java.specification.version" value="21"/>
    <property name="sun.cpu.isalist" value="amd64"/>
    <property name="sun.jnu.encoding" value="Cp1252"/>
    <property name="java.class.path" value="C:\Users\Justin\Downloads\PROG5121-POE-FINAL-GIT\Princess\dev\target\test-classes;C:\Users\Justin\Downloads\PROG5121-POE-FINAL-GIT\Princess\dev\target\classes;C:\Users\Justin\.m2\repository\org\junit\jupiter\junit-jupiter-api\5.10.0\junit-jupiter-api-5.10.0.jar;C:\Users\Justin\.m2\repository\org\opentest4j\opentest4j\1.3.0\opentest4j-1.3.0.jar;C:\Users\Justin\.m2\repository\org\junit\platform\junit-platform-commons\1.10.0\junit-platform-commons-1.10.0.jar;C:\Users\Justin\.m2\repository\org\apiguardian\apiguardian-api\1.1.2\apiguardian-api-1.1.2.jar;C:\Users\Justin\.m2\repository\org\junit\jupiter\junit-jupiter-engine\5.10.0\junit-jupiter-engine-5.10.0.jar;C:\Users\Justin\.m2\repository\org\junit\platform\junit-platform-engine\1.10.0\junit-platform-engine-1.10.0.jar;C:\Users\Justin\.m2\repository\com\googlecode\json-simple\json-simple\1.1.1\json-simple-1.1.1.jar;C:\Users\Justin\.m2\repository\junit\junit\4.10\junit-4.10.jar;C:\Users\Justin\.m2\repository\org\hamcrest\hamcrest-core\1.1\hamcrest-core-1.1.jar;"/>
    <property name="java.vm.vendor" value="Oracle Corporation"/>
    <property name="sun.arch.data.model" value="64"/>
    <property name="user.variant" value=""/>
    <property name="java.vendor.url" value="https://java.oracle.com/"/>
    <property name="user.timezone" value="Africa/Johannesburg"/>
    <property name="user.country.format" value="150"/>
    <property name="os.name" value="Windows 11"/>
    <property name="java.vm.specification.version" value="21"/>
    <property name="user.country" value="US"/>
    <property name="sun.java.launcher" value="SUN_STANDARD"/>
    <property name="sun.boot.library.path" value="C:\Program Files\Java\jdk-21\bin"/>
    <property name="sun.java.command" value="C:\Users\Justin\AppData\Local\Temp\surefire16399006348898527197\surefirebooter16037673797254817129.jar C:\Users\Justin\AppData\Local\Temp\surefire16399006348898527197 2025-06-16T15-25-32_023-jvmRun1 surefire12842919984498709691tmp surefire_05940864646279751581tmp"/>
    <property name="jdk.debug" value="release"/>
    <property name="surefire.test.class.path" value="C:\Users\Justin\Downloads\PROG5121-POE-FINAL-GIT\Princess\dev\target\test-classes;C:\Users\Justin\Downloads\PROG5121-POE-FINAL-GIT\Princess\dev\target\classes;C:\Users\Justin\.m2\repository\org\junit\jupiter\junit-jupiter-api\5.10.0\junit-jupiter-api-5.10.0.jar;C:\Users\Justin\.m2\repository\org\opentest4j\opentest4j\1.3.0\opentest4j-1.3.0.jar;C:\Users\Justin\.m2\repository\org\junit\platform\junit-platform-commons\1.10.0\junit-platform-commons-1.10.0.jar;C:\Users\Justin\.m2\repository\org\apiguardian\apiguardian-api\1.1.2\apiguardian-api-1.1.2.jar;C:\Users\Justin\.m2\repository\org\junit\jupiter\junit-jupiter-engine\5.10.0\junit-jupiter-engine-5.10.0.jar;C:\Users\Justin\.m2\repository\org\junit\platform\junit-platform-engine\1.10.0\junit-platform-engine-1.10.0.jar;C:\Users\Justin\.m2\repository\com\googlecode\json-simple\json-simple\1.1.1\json-simple-1.1.1.jar;C:\Users\Justin\.m2\repository\junit\junit\4.10\junit-4.10.jar;C:\Users\Justin\.m2\repository\org\hamcrest\hamcrest-core\1.1\hamcrest-core-1.1.jar;"/>
    <property name="sun.cpu.endian" value="little"/>
    <property name="user.home" value="C:\Users\Justin"/>
    <property name="user.language" value="en"/>
    <property name="java.specification.vendor" value="Oracle Corporation"/>
    <property name="java.version.date" value="2025-01-21"/>
    <property name="java.home" value="C:\Program Files\Java\jdk-21"/>
    <property name="file.separator" value="\"/>
    <property name="basedir" value="C:\Users\Justin\Downloads\PROG5121-POE-FINAL-GIT\Princess\dev"/>
    <property name="java.vm.compressedOopsMode" value="32-bit"/>
    <property name="line.separator" value="&#10;"/>
    <property name="java.vm.specification.vendor" value="Oracle Corporation"/>
    <property name="java.specification.name" value="Java Platform API Specification"/>
    <property name="surefire.real.class.path" value="C:\Users\Justin\AppData\Local\Temp\surefire16399006348898527197\surefirebooter16037673797254817129.jar"/>
    <property name="user.script" value=""/>
    <property name="sun.management.compiler" value="HotSpot 64-Bit Tiered Compilers"/>
    <property name="java.runtime.version" value="21.0.6+8-LTS-188"/>
    <property name="user.name" value="Justin"/>
    <property name="stdout.encoding" value="Cp1252"/>
    <property name="path.separator" value=";"/>
    <property name="os.version" value="10.0"/>
    <property name="java.runtime.name" value="Java(TM) SE Runtime Environment"/>
    <property name="file.encoding" value="UTF-8"/>
    <property name="java.vm.name" value="Java HotSpot(TM) 64-Bit Server VM"/>
    <property name="maven.ext.class.path" value="C:\Program Files\NetBeans-19\netbeans\java\maven-nblib\netbeans-eventspy.jar"/>
    <property name="localRepository" value="C:\Users\Justin\.m2\repository"/>
    <property name="java.vendor.url.bug" value="https://bugreport.java.com/bugreport/"/>
    <property name="java.io.tmpdir" value="C:\Users\Justin\AppData\Local\Temp\"/>
    <property name="java.version" value="21.0.6"/>
    <property name="user.dir" value="C:\Users\Justin\Downloads\PROG5121-POE-FINAL-GIT\Princess\dev"/>
    <property name="os.arch" value="amd64"/>
    <property name="java.vm.specification.name" value="Java Virtual Machine Specification"/>
    <property name="sun.os.patch.level" value=""/>
    <property name="native.encoding" value="Cp1252"/>
    <property name="java.library.path" value="C:\Program Files\Java\jdk-21\bin;C:\WINDOWS\Sun\Java\bin;C:\WINDOWS\system32;C:\WINDOWS;C:\Program Files\Common Files\Oracle\Java\javapath;C:\Python312\Scripts\;C:\Python312\;C:\WINDOWS\system32;C:\WINDOWS;C:\WINDOWS\System32\Wbem;C:\WINDOWS\System32\WindowsPowerShell\v1.0\;C:\WINDOWS\System32\OpenSSH\;C:\Program Files\nodejs\;C:\ProgramData\chocolatey\bin;C:\Program Files\Microsoft SQL Server\150\Tools\Binn\;C:\Program Files\Microsoft SQL Server\Client SDK\ODBC\170\Tools\Binn\;C:\Program Files\Git\cmd;C:\Program Files\dotnet\;C:\Users\Justin\AppData\Local\Microsoft\WindowsApps;C:\Users\Justin\AppData\Local\Programs\Microsoft VS Code\bin;C:\ProgramData\Justin\GitHubDesktop\bin;C:\Users\Justin\AppData\Local\GitHubDesktop\bin;C:\Users\Justin\AppData\Roaming\npm;C:\Users\Justin\AppData\Local\Programs\cursor\resources\app\bin;C:\Program Files\JetBrains\IntelliJ IDEA 2024.3.4.1\bin;;C:\Users\Justin\.dotnet\tools;."/>
    <property name="java.vm.info" value="mixed mode, sharing"/>
    <property name="stderr.encoding" value="Cp1252"/>
    <property name="java.vendor" value="Oracle Corporation"/>
    <property name="java.vm.version" value="21.0.6+8-LTS-188"/>
    <property name="sun.io.unicode.encoding" value="UnicodeLittle"/>
    <property name="java.class.version" value="65.0"/>
  </properties>
  <testcase name="testCheckUserName_CorrectlyFormatted" classname="ST10487034.Part1Test" time="0.046">
    <system-out><![CDATA[User data loaded from users.json
]]></system-out>
  </testcase>
  <testcase name="testCheckPasswordComplexity_TooShort" classname="ST10487034.Part1Test" time="0.003">
    <system-out><![CDATA[User data loaded from users.json
]]></system-out>
  </testcase>
  <testcase name="testCheckUserName_IncorrectlyFormatted_SpecialChars" classname="ST10487034.Part1Test" time="0.003">
    <system-out><![CDATA[User data loaded from users.json
]]></system-out>
  </testcase>
  <testcase name="testCheckUserName_IncorrectlyFormatted_TooShort" classname="ST10487034.Part1Test" time="0.003">
    <system-out><![CDATA[User data loaded from users.json
]]></system-out>
  </testcase>
  <testcase name="testRegisterUser_Success" classname="ST10487034.Part1Test" time="0.008">
    <system-out><![CDATA[User data loaded from users.json
User data saved to users.json
User 'test_user' registered successfully.
Login successful for user: test_user
]]></system-out>
  </testcase>
  <testcase name="testLoginUser_IncorrectPassword" classname="ST10487034.Part1Test" time="0.004">
    <system-out><![CDATA[User data loaded from users.json
User data saved to users.json
User 'another_user' registered successfully.
Login failed: Invalid username or password.
]]></system-out>
  </testcase>
  <testcase name="testLoginUser_Success" classname="ST10487034.Part1Test" time="0.006">
    <system-out><![CDATA[User data loaded from users.json
User data saved to users.json
User 'valid_login' registered successfully.
Login successful for user: valid_login
]]></system-out>
  </testcase>
  <testcase name="testRegisterUser_ExistingUsername" classname="ST10487034.Part1Test" time="0.003">
    <system-out><![CDATA[User data loaded from users.json
User data saved to users.json
User 'existing_user' registered successfully.
Registration failed: Username already exists.
]]></system-out>
  </testcase>
  <testcase name="testCheckPasswordComplexity_NoSpecialChar" classname="ST10487034.Part1Test" time="0.004">
    <system-out><![CDATA[User data loaded from users.json
]]></system-out>
  </testcase>
  <testcase name="testCheckUserName_IncorrectlyFormatted_NoUnderscore" classname="ST10487034.Part1Test" time="0.002">
    <system-out><![CDATA[User data loaded from users.json
]]></system-out>
  </testcase>
  <testcase name="testLoginUser_NonExistentUsername" classname="ST10487034.Part1Test" time="0.002">
    <system-out><![CDATA[User data loaded from users.json
Login failed: Invalid username or password.
]]></system-out>
  </testcase>
  <testcase name="testCheckPasswordComplexity_NoNumber" classname="ST10487034.Part1Test" time="0.002">
    <system-out><![CDATA[User data loaded from users.json
]]></system-out>
  </testcase>
  <testcase name="testCheckPasswordComplexity_MeetsRequirements" classname="ST10487034.Part1Test" time="0.005">
    <system-out><![CDATA[User data loaded from users.json
]]></system-out>
  </testcase>
  <testcase name="testRegisterUser_InvalidUsername" classname="ST10487034.Part1Test" time="0.005">
    <system-out><![CDATA[User data loaded from users.json
Registration failed: Username does not meet criteria (>= 5 chars, alphanumeric/underscore).
]]></system-out>
  </testcase>
  <testcase name="testLoginUser_EmptyCredentials" classname="ST10487034.Part1Test" time="0">
    <system-out><![CDATA[User data loaded from users.json
Login failed: Invalid username or password.
]]></system-out>
  </testcase>
  <testcase name="testRegisterUser_WeakPassword" classname="ST10487034.Part1Test" time="0.003">
    <system-out><![CDATA[User data loaded from users.json
Registration failed: Password does not meet complexity requirements (>= 8 chars, 1 capital, 1 number, 1 special).
]]></system-out>
  </testcase>
  <testcase name="testCheckPasswordComplexity_NoCapital" classname="ST10487034.Part1Test" time="0.005">
    <system-out><![CDATA[User data loaded from users.json
]]></system-out>
  </testcase>
</testsuite>