<?xml version="1.0" encoding="UTF-8"?>
<testsuite xmlns:xsi="http://www.w3.org/2001/XMLSchema-instance" xsi:noNamespaceSchemaLocation="https://maven.apache.org/surefire/maven-surefire-plugin/xsd/surefire-test-report-3.0.xsd" version="3.0" name="ST10487034.Part3Test" time="0.226" tests="8" errors="0" skipped="0" failures="0">
  <properties>
    <property name="java.specification.version" value="21"/>
    <property name="sun.cpu.isalist" value="amd64"/>
    <property name="sun.jnu.encoding" value="Cp1252"/>
    <property name="java.class.path" value="C:\Users\Justin\Downloads\PROG5121-POE-FINAL-GIT\Princess\dev\target\test-classes;C:\Users\Justin\Downloads\PROG5121-POE-FINAL-GIT\Princess\dev\target\classes;C:\Users\Justin\.m2\repository\org\junit\jupiter\junit-jupiter-api\5.10.0\junit-jupiter-api-5.10.0.jar;C:\Users\Justin\.m2\repository\org\opentest4j\opentest4j\1.3.0\opentest4j-1.3.0.jar;C:\Users\Justin\.m2\repository\org\junit\platform\junit-platform-commons\1.10.0\junit-platform-commons-1.10.0.jar;C:\Users\Justin\.m2\repository\org\apiguardian\apiguardian-api\1.1.2\apiguardian-api-1.1.2.jar;C:\Users\Justin\.m2\repository\org\junit\jupiter\junit-jupiter-engine\5.10.0\junit-jupiter-engine-5.10.0.jar;C:\Users\Justin\.m2\repository\org\junit\platform\junit-platform-engine\1.10.0\junit-platform-engine-1.10.0.jar;C:\Users\Justin\.m2\repository\com\googlecode\json-simple\json-simple\1.1.1\json-simple-1.1.1.jar;C:\Users\Justin\.m2\repository\junit\junit\4.10\junit-4.10.jar;C:\Users\Justin\.m2\repository\org\hamcrest\hamcrest-core\1.1\hamcrest-core-1.1.jar;"/>
    <property name="java.vm.vendor" value="Oracle Corporation"/>
    <property name="sun.arch.data.model" value="64"/>
    <property name="user.variant" value=""/>
    <property name="java.vendor.url" value="https://java.oracle.com/"/>
    <property name="user.timezone" value="Africa/Johannesburg"/>
    <property name="user.country.format" value="150"/>
    <property name="os.name" value="Windows 11"/>
    <property name="java.vm.specification.version" value="21"/>
    <property name="user.country" value="US"/>
    <property name="sun.java.launcher" value="SUN_STANDARD"/>
    <property name="sun.boot.library.path" value="C:\Program Files\Java\jdk-21\bin"/>
    <property name="sun.java.command" value="C:\Users\Justin\AppData\Local\Temp\surefire16399006348898527197\surefirebooter16037673797254817129.jar C:\Users\Justin\AppData\Local\Temp\surefire16399006348898527197 2025-06-16T15-25-32_023-jvmRun1 surefire12842919984498709691tmp surefire_05940864646279751581tmp"/>
    <property name="jdk.debug" value="release"/>
    <property name="surefire.test.class.path" value="C:\Users\Justin\Downloads\PROG5121-POE-FINAL-GIT\Princess\dev\target\test-classes;C:\Users\Justin\Downloads\PROG5121-POE-FINAL-GIT\Princess\dev\target\classes;C:\Users\Justin\.m2\repository\org\junit\jupiter\junit-jupiter-api\5.10.0\junit-jupiter-api-5.10.0.jar;C:\Users\Justin\.m2\repository\org\opentest4j\opentest4j\1.3.0\opentest4j-1.3.0.jar;C:\Users\Justin\.m2\repository\org\junit\platform\junit-platform-commons\1.10.0\junit-platform-commons-1.10.0.jar;C:\Users\Justin\.m2\repository\org\apiguardian\apiguardian-api\1.1.2\apiguardian-api-1.1.2.jar;C:\Users\Justin\.m2\repository\org\junit\jupiter\junit-jupiter-engine\5.10.0\junit-jupiter-engine-5.10.0.jar;C:\Users\Justin\.m2\repository\org\junit\platform\junit-platform-engine\1.10.0\junit-platform-engine-1.10.0.jar;C:\Users\Justin\.m2\repository\com\googlecode\json-simple\json-simple\1.1.1\json-simple-1.1.1.jar;C:\Users\Justin\.m2\repository\junit\junit\4.10\junit-4.10.jar;C:\Users\Justin\.m2\repository\org\hamcrest\hamcrest-core\1.1\hamcrest-core-1.1.jar;"/>
    <property name="sun.cpu.endian" value="little"/>
    <property name="user.home" value="C:\Users\Justin"/>
    <property name="user.language" value="en"/>
    <property name="java.specification.vendor" value="Oracle Corporation"/>
    <property name="java.version.date" value="2025-01-21"/>
    <property name="java.home" value="C:\Program Files\Java\jdk-21"/>
    <property name="file.separator" value="\"/>
    <property name="basedir" value="C:\Users\Justin\Downloads\PROG5121-POE-FINAL-GIT\Princess\dev"/>
    <property name="java.vm.compressedOopsMode" value="32-bit"/>
    <property name="line.separator" value="&#10;"/>
    <property name="java.vm.specification.vendor" value="Oracle Corporation"/>
    <property name="java.specification.name" value="Java Platform API Specification"/>
    <property name="surefire.real.class.path" value="C:\Users\Justin\AppData\Local\Temp\surefire16399006348898527197\surefirebooter16037673797254817129.jar"/>
    <property name="user.script" value=""/>
    <property name="sun.management.compiler" value="HotSpot 64-Bit Tiered Compilers"/>
    <property name="java.runtime.version" value="21.0.6+8-LTS-188"/>
    <property name="user.name" value="Justin"/>
    <property name="stdout.encoding" value="Cp1252"/>
    <property name="path.separator" value=";"/>
    <property name="os.version" value="10.0"/>
    <property name="java.runtime.name" value="Java(TM) SE Runtime Environment"/>
    <property name="file.encoding" value="UTF-8"/>
    <property name="java.vm.name" value="Java HotSpot(TM) 64-Bit Server VM"/>
    <property name="maven.ext.class.path" value="C:\Program Files\NetBeans-19\netbeans\java\maven-nblib\netbeans-eventspy.jar"/>
    <property name="localRepository" value="C:\Users\Justin\.m2\repository"/>
    <property name="java.vendor.url.bug" value="https://bugreport.java.com/bugreport/"/>
    <property name="java.io.tmpdir" value="C:\Users\Justin\AppData\Local\Temp\"/>
    <property name="java.version" value="21.0.6"/>
    <property name="user.dir" value="C:\Users\Justin\Downloads\PROG5121-POE-FINAL-GIT\Princess\dev"/>
    <property name="os.arch" value="amd64"/>
    <property name="java.vm.specification.name" value="Java Virtual Machine Specification"/>
    <property name="sun.os.patch.level" value=""/>
    <property name="native.encoding" value="Cp1252"/>
    <property name="java.library.path" value="C:\Program Files\Java\jdk-21\bin;C:\WINDOWS\Sun\Java\bin;C:\WINDOWS\system32;C:\WINDOWS;C:\Program Files\Common Files\Oracle\Java\javapath;C:\Python312\Scripts\;C:\Python312\;C:\WINDOWS\system32;C:\WINDOWS;C:\WINDOWS\System32\Wbem;C:\WINDOWS\System32\WindowsPowerShell\v1.0\;C:\WINDOWS\System32\OpenSSH\;C:\Program Files\nodejs\;C:\ProgramData\chocolatey\bin;C:\Program Files\Microsoft SQL Server\150\Tools\Binn\;C:\Program Files\Microsoft SQL Server\Client SDK\ODBC\170\Tools\Binn\;C:\Program Files\Git\cmd;C:\Program Files\dotnet\;C:\Users\Justin\AppData\Local\Microsoft\WindowsApps;C:\Users\Justin\AppData\Local\Programs\Microsoft VS Code\bin;C:\ProgramData\Justin\GitHubDesktop\bin;C:\Users\Justin\AppData\Local\GitHubDesktop\bin;C:\Users\Justin\AppData\Roaming\npm;C:\Users\Justin\AppData\Local\Programs\cursor\resources\app\bin;C:\Program Files\JetBrains\IntelliJ IDEA 2024.3.4.1\bin;;C:\Users\Justin\.dotnet\tools;."/>
    <property name="java.vm.info" value="mixed mode, sharing"/>
    <property name="stderr.encoding" value="Cp1252"/>
    <property name="java.vendor" value="Oracle Corporation"/>
    <property name="java.vm.version" value="21.0.6+8-LTS-188"/>
    <property name="sun.io.unicode.encoding" value="UnicodeLittle"/>
    <property name="java.class.version" value="65.0"/>
  </properties>
  <testcase name="testDisplayAllMessages_NoMessages" classname="ST10487034.Part3Test" time="0.017">
    <system-out><![CDATA[No existing message data found for Part2, starting fresh: messages.json (The system cannot find the file specified)
]]></system-out>
  </testcase>
  <testcase name="testSearchMessagesBySender_NonExistentSender" classname="ST10487034.Part3Test" time="0.022">
    <system-out><![CDATA[No existing message data found for Part2, starting fresh: messages.json (The system cannot find the file specified)
Message data saved to messages.json
Message sent from Developer to +27834557896
Message data saved to messages.json
Message drafted by Developer
Message data saved to messages.json
Message drafted by Developer
Message data saved to messages.json
Message sent from Developer to 0838884567
Message data saved to messages.json
Message drafted by Developer
Search by Sender Report (NonExistentUser):
--- Messages by Sender: NonExistentUser ---
No messages found for sender: NonExistentUser.

]]></system-out>
  </testcase>
  <testcase name="testDeleteMessage_Success" classname="ST10487034.Part3Test" time="0.048">
    <system-out><![CDATA[No existing message data found for Part2, starting fresh: messages.json (The system cannot find the file specified)
Message data saved to messages.json
Message sent from Developer to +27834557896
Message data saved to messages.json
Message drafted by Developer
Message data saved to messages.json
Message drafted by Developer
Message data saved to messages.json
Message sent from Developer to 0838884567
Message data saved to messages.json
Message drafted by Developer
Message data saved to messages.json
Message at index 1 deleted successfully.
]]></system-out>
  </testcase>
  <testcase name="testDeleteMessage_InvalidIndex" classname="ST10487034.Part3Test" time="0.023">
    <system-out><![CDATA[No existing message data found for Part2, starting fresh: messages.json (The system cannot find the file specified)
Message data saved to messages.json
Message sent from Developer to +27834557896
Message data saved to messages.json
Message drafted by Developer
Message data saved to messages.json
Message drafted by Developer
Message data saved to messages.json
Message sent from Developer to 0838884567
Message data saved to messages.json
Message drafted by Developer
Deletion failed: Invalid message index 99
Deletion failed: Invalid message index -1
]]></system-out>
  </testcase>
  <testcase name="testSearchMessagesBySender_ExistingSender" classname="ST10487034.Part3Test" time="0.032">
    <system-out><![CDATA[No existing message data found for Part2, starting fresh: messages.json (The system cannot find the file specified)
Message data saved to messages.json
Message sent from Developer to +27834557896
Message data saved to messages.json
Message drafted by Developer
Message data saved to messages.json
Message drafted by Developer
Message data saved to messages.json
Message sent from Developer to 0838884567
Message data saved to messages.json
Message drafted by Developer
Search by Sender Report (Developer):
--- Messages by Sender: Developer ---
  To: +27834557896
  Type: SENT
  Content: Did you get the cake?

  To: +27838884567
  Type: DRAFT
  Content: Where are you? You are late! I have asked you to be on time.

  To: +27834484567
  Type: DRAFT
  Content: Yohoooo, I am at your gate.

  To: 0838884567
  Type: SENT
  Content: It is dinner time!

  To: +27838884567
  Type: DRAFT
  Content: Ok, I am leaving without you.


]]></system-out>
  </testcase>
  <testcase name="testDisplayDraftedMessages_WithDrafts" classname="ST10487034.Part3Test" time="0.018">
    <system-out><![CDATA[No existing message data found for Part2, starting fresh: messages.json (The system cannot find the file specified)
Message data saved to messages.json
Message sent from Developer to +27834557896
Message data saved to messages.json
Message drafted by Developer
Message data saved to messages.json
Message drafted by Developer
Message data saved to messages.json
Message sent from Developer to 0838884567
Message data saved to messages.json
Message drafted by Developer
Drafted Messages Report:
--- Drafted Messages ---
  From: Developer
  To: +27838884567
  Content: Where are you? You are late! I have asked you to be on time.

  From: Developer
  To: +27834484567
  Content: Yohoooo, I am at your gate.

  From: Developer
  To: +27838884567
  Content: Ok, I am leaving without you.


]]></system-out>
  </testcase>
  <testcase name="testDisplayDraftedMessages_NoDrafts" classname="ST10487034.Part3Test" time="0.004">
    <system-out><![CDATA[No existing message data found for Part2, starting fresh: messages.json (The system cannot find the file specified)
Message data saved to messages.json
Message sent from user1 to user2
]]></system-out>
  </testcase>
  <testcase name="testDisplayAllMessages_WithMessages" classname="ST10487034.Part3Test" time="0.01">
    <system-out><![CDATA[No existing message data found for Part2, starting fresh: messages.json (The system cannot find the file specified)
Message data saved to messages.json
Message sent from Developer to +27834557896
Message data saved to messages.json
Message drafted by Developer
Message data saved to messages.json
Message drafted by Developer
Message data saved to messages.json
Message sent from Developer to 0838884567
Message data saved to messages.json
Message drafted by Developer
Display All Messages Report:
--- All Messages ---
Message 0:
  From: Developer
  To: +27834557896
  Type: SENT
  Content: Did you get the cake?

Message 1:
  From: Developer
  To: +27838884567
  Type: DRAFT
  Content: Where are you? You are late! I have asked you to be on time.

Message 2:
  From: Developer
  To: +27834484567
  Type: DRAFT
  Content: Yohoooo, I am at your gate.

Message 3:
  From: Developer
  To: 0838884567
  Type: SENT
  Content: It is dinner time!

Message 4:
  From: Developer
  To: +27838884567
  Type: DRAFT
  Content: Ok, I am leaving without you.


]]></system-out>
  </testcase>
</testsuite>